Thu Dec  9 16:58:34 2021: Running xcd server. This server was built by gradle.
Thu Dec  9 16:58:34 2021: Server was asked to start on port: '46759'
Thu Dec  9 16:58:34 2021: Server is using token UUID: 'fd93886b-e6ea-4fd0-b2de-5a077ef69b6f'
Thu Dec  9 16:58:34 2021: SESSION_MGR: creating session with session uuid: '6d04a3e9-ade5-4ab9-8d63-1f78fcd2ec76' and name 'default'
Thu Dec  9 16:58:34 2021: Attempting to start server on port '46759'
Thu Dec  9 16:58:34 2021: XCD main fifo: created main fifo '/tmp/xcdmainfd93886b-e6ea-4fd0-b2de-5a077ef69b6f', fd read = 13
Thu Dec  9 16:58:34 2021: Running Dispatch Server
Thu Dec  9 16:58:34 2021: Version 2.2.0
Thu Dec  9 16:58:42 2021: Dispatch Server: Accepted socket connection from client
Thu Dec  9 16:58:42 2021: Starting Socket connection
Thu Dec  9 16:58:42 2021: EXCHANGE_TOKEN received, server token: fd93886b-e6ea-4fd0-b2de-5a077ef69b6f, passed token: fd93886b-e6ea-4fd0-b2de-5a077ef69b6f
Thu Dec  9 16:58:44 2021: DISPATCH_HANDLER: Adding handler from function makeHandler in library libxv_system_diagram
Thu Dec  9 16:58:44 2021: SESSION_MGR: creating session with session uuid: '59b58657-344a-40c7-a84c-aae2df9a5828' and name 'v++_compile_Filter2DKernel.hw_emu'
Thu Dec  9 16:58:44 2021: KERNEL_SVC: creating session with uuid: '59b58657-344a-40c7-a84c-aae2df9a5828' and name 'v++_compile_Filter2DKernel.hw_emu'
Thu Dec  9 16:58:44 2021: GUIDANCE_SMGR: creating guidance session with uuid: '59b58657-344a-40c7-a84c-aae2df9a5828' and name 'v++_compile_Filter2DKernel.hw_emu'
Thu Dec  9 16:58:44 2021: SYSTEM_DIAGRAM_SMGR: creating diagram session with uuid: '59b58657-344a-40c7-a84c-aae2df9a5828' and name 'v++_compile_Filter2DKernel.hw_emu'
Thu Dec  9 17:00:55 2021: SESSION_MGR: closing session for UUID '59b58657-344a-40c7-a84c-aae2df9a5828' with name 'v++_compile_Filter2DKernel.hw_emu'
Thu Dec  9 17:00:55 2021: KERNEL_SVC: closing session for UUID '59b58657-344a-40c7-a84c-aae2df9a5828' with name 'v++_compile_Filter2DKernel.hw_emu'
Thu Dec  9 17:00:55 2021: GUIDANCE_SMGR: closing session for UUID '59b58657-344a-40c7-a84c-aae2df9a5828' with name 'v++_compile_Filter2DKernel.hw_emu'
Thu Dec  9 17:00:55 2021: SYSTEM_DIAGRAM_SMGR: closing session for UUID '59b58657-344a-40c7-a84c-aae2df9a5828' with name 'v++_compile_Filter2DKernel.hw_emu'
